==1853== Memcheck, a memory error detector
==1853== Copyright (C) 2002-2022, and GNU GPL'd, by Julian Seward et al.
==1853== Using Valgrind-3.22.0-bd4db67b1d-20231031 and LibVEX; rerun with -h for copyright info
==1853== Command: ./main
==1853== Parent PID: 1603
==1853== 
--1853-- 
--1853-- Valgrind options:
--1853--    --tool=memcheck
--1853--    --leak-check=full
--1853--    --show-leak-kinds=all
--1853--    --track-origins=yes
--1853--    --verbose
--1853--    --log-file=valgrind.log
--1853-- Contents of /proc/version:
--1853--   Linux version 6.8.0-101-generic (buildd@lcy02-amd64-051) (x86_64-linux-gnu-gcc-13 (Ubuntu 13.3.0-6ubuntu2~24.04) 13.3.0, GNU ld (GNU Binutils for Ubuntu) 2.42) #101-Ubuntu SMP PREEMPT_DYNAMIC Mon Feb  9 10:15:05 UTC 2026
--1853-- 
--1853-- Arch and hwcaps: AMD64, LittleEndian, amd64-cx16-lzcnt-rdtscp-sse3-ssse3-avx-avx2-bmi-f16c-rdrand-rdseed
--1853-- Page sizes: currently 4096, max supported 4096
--1853-- Valgrind library directory: /usr/libexec/valgrind
--1853-- Reading syms from /root/allocator/main
--1853-- Reading syms from /usr/lib/x86_64-linux-gnu/ld-linux-x86-64.so.2
--1853--   Considering /usr/lib/debug/.build-id/da/07864eb4c1b06504b8688d25d7e84759fe708d.debug ..
--1853--   .. build-id is valid
--1853-- Reading syms from /usr/libexec/valgrind/memcheck-amd64-linux
--1853--    object doesn't have a dynamic symbol table
--1853-- Scheduler: using generic scheduler lock implementation.
--1853-- Reading suppressions file: /usr/libexec/valgrind/default.supp
==1853== embedded gdbserver: reading from /tmp/vgdb-pipe-from-vgdb-to-1853-by-root-on-???
==1853== embedded gdbserver: writing to   /tmp/vgdb-pipe-to-vgdb-from-1853-by-root-on-???
==1853== embedded gdbserver: shared mem   /tmp/vgdb-pipe-shared-mem-vgdb-1853-by-root-on-???
==1853== 
==1853== TO CONTROL THIS PROCESS USING vgdb (which you probably
==1853== don't want to do, unless you know exactly what you're doing,
==1853== or are doing some strange experiment):
==1853==   /usr/bin/vgdb --pid=1853 ...command...
==1853== 
==1853== TO DEBUG THIS PROCESS USING GDB: start GDB like this
==1853==   /path/to/gdb ./main
==1853== and then give GDB the following command
==1853==   target remote | /usr/bin/vgdb --pid=1853
==1853== --pid is optional if only one valgrind process is running
==1853== 
--1853-- REDIR: 0x4028b00 (ld-linux-x86-64.so.2:strlen) redirected to 0x580c2e1a (???)
--1853-- REDIR: 0x40272b0 (ld-linux-x86-64.so.2:index) redirected to 0x580c2e34 (???)
--1853-- Reading syms from /usr/libexec/valgrind/vgpreload_core-amd64-linux.so
--1853-- Reading syms from /usr/libexec/valgrind/vgpreload_memcheck-amd64-linux.so
==1853== WARNING: new redirection conflicts with existing -- ignoring it
--1853--     old: 0x04028b00 (strlen              ) R-> (0000.0) 0x580c2e1a ???
--1853--     new: 0x04028b00 (strlen              ) R-> (2007.0) 0x0484f340 strlen
--1853-- REDIR: 0x40274e0 (ld-linux-x86-64.so.2:strcmp) redirected to 0x4850460 (strcmp)
--1853-- REDIR: 0x4026910 (ld-linux-x86-64.so.2:mempcpy) redirected to 0x4853cd0 (mempcpy)
--1853-- Reading syms from /usr/lib/x86_64-linux-gnu/libstdc++.so.6.0.33
--1853-- Reading syms from /usr/lib/x86_64-linux-gnu/libc.so.6
--1853--   Considering /usr/lib/debug/.build-id/8e/9fd827446c24067541ac5390e6f527fb5947bb.debug ..
--1853--   .. build-id is valid
--1853-- Reading syms from /usr/lib/x86_64-linux-gnu/libm.so.6
--1853-- Reading syms from /usr/lib/x86_64-linux-gnu/libgcc_s.so.1
--1853-- REDIR: 0x4028ca0 (ld-linux-x86-64.so.2:strncmp) redirected to 0x484fc90 (strncmp)
--1853-- REDIR: 0x4b93070 (libc.so.6:strnlen) redirected to 0x483d1c0 (_vgnU_ifunc_wrapper)
--1853-- REDIR: 0x4b93100 (libc.so.6:strpbrk) redirected to 0x483d1c0 (_vgnU_ifunc_wrapper)
--1853-- REDIR: 0x4b911c0 (libc.so.6:strcmp) redirected to 0x483d1c0 (_vgnU_ifunc_wrapper)
--1853-- REDIR: 0x4baa3b0 (libc.so.6:wcsnlen) redirected to 0x483d1c0 (_vgnU_ifunc_wrapper)
--1853-- REDIR: 0x4b902b0 (libc.so.6:memset) redirected to 0x483d1c0 (_vgnU_ifunc_wrapper)
--1853-- REDIR: 0x4ba9b20 (libc.so.6:wcslen) redirected to 0x483d1c0 (_vgnU_ifunc_wrapper)
--1853-- REDIR: 0x4c153f0 (libc.so.6:__memcpy_chk) redirected to 0x483d1c0 (_vgnU_ifunc_wrapper)
--1853-- REDIR: 0x4b90220 (libc.so.6:memrchr) redirected to 0x483d1c0 (_vgnU_ifunc_wrapper)
--1853-- REDIR: 0x4baa350 (libc.so.6:wcsncpy) redirected to 0x483d1c0 (_vgnU_ifunc_wrapper)
--1853-- REDIR: 0x4b8f740 (libc.so.6:memcpy@@GLIBC_2.14) redirected to 0x483d1c0 (_vgnU_ifunc_wrapper)
--1853-- REDIR: 0x4ba88e0 (libc.so.6:wcschr) redirected to 0x483d1c0 (_vgnU_ifunc_wrapper)
--1853-- REDIR: 0x4b910b0 (libc.so.6:index) redirected to 0x483d1c0 (_vgnU_ifunc_wrapper)
--1853-- REDIR: 0x4b93130 (libc.so.6:rindex) redirected to 0x483d1c0 (_vgnU_ifunc_wrapper)
--1853-- REDIR: 0x4ba8990 (libc.so.6:wcscmp) redirected to 0x483d1c0 (_vgnU_ifunc_wrapper)
--1853-- REDIR: 0x4b904d0 (libc.so.6:stpncpy) redirected to 0x483d1c0 (_vgnU_ifunc_wrapper)
--1853-- REDIR: 0x4bb6eb0 (libc.so.6:wmemchr) redirected to 0x483d1c0 (_vgnU_ifunc_wrapper)
--1853-- REDIR: 0x4b92f10 (libc.so.6:strncmp) redirected to 0x483d1c0 (_vgnU_ifunc_wrapper)
--1853-- REDIR: 0x4b90530 (libc.so.6:strcasecmp) redirected to 0x483d1c0 (_vgnU_ifunc_wrapper)
--1853-- REDIR: 0x4b92330 (libc.so.6:strcspn) redirected to 0x483d1c0 (_vgnU_ifunc_wrapper)
--1853-- REDIR: 0x4ba98f0 (libc.so.6:wcscpy) redirected to 0x483d1c0 (_vgnU_ifunc_wrapper)
--1853-- REDIR: 0x4b91040 (libc.so.6:strcat) redirected to 0x483d1c0 (_vgnU_ifunc_wrapper)
--1853-- REDIR: 0x4b92e10 (libc.so.6:strncasecmp_l) redirected to 0x483d1c0 (_vgnU_ifunc_wrapper)
--1853-- REDIR: 0x4b91130 (libc.so.6:strchrnul) redirected to 0x483d1c0 (_vgnU_ifunc_wrapper)
--1853-- REDIR: 0x4b8f650 (libc.so.6:bcmp) redirected to 0x483d1c0 (_vgnU_ifunc_wrapper)
--1853-- REDIR: 0x4b922c0 (libc.so.6:strcpy) redirected to 0x483d1c0 (_vgnU_ifunc_wrapper)
--1853-- REDIR: 0x4b905d0 (libc.so.6:strcasecmp_l) redirected to 0x483d1c0 (_vgnU_ifunc_wrapper)
--1853-- REDIR: 0x4b92ce0 (libc.so.6:strlen) redirected to 0x483d1c0 (_vgnU_ifunc_wrapper)
--1853-- REDIR: 0x4b92fb0 (libc.so.6:strncpy) redirected to 0x483d1c0 (_vgnU_ifunc_wrapper)
--1853-- REDIR: 0x4bb6f30 (libc.so.6:wmemcmp) redirected to 0x483d1c0 (_vgnU_ifunc_wrapper)
--1853-- REDIR: 0x4c15510 (libc.so.6:__memmove_chk) redirected to 0x483d1c0 (_vgnU_ifunc_wrapper)
==1853== WARNING: new redirection conflicts with existing -- ignoring it
--1853--     old: 0x04c66a50 (__memcpy_chk_avx_una) R-> (2030.0) 0x04853dd0 __memcpy_chk
--1853--     new: 0x04c66a50 (__memcpy_chk_avx_una) R-> (2024.0) 0x04853740 __memmove_chk
--1853-- REDIR: 0x4b90460 (libc.so.6:stpcpy) redirected to 0x483d1c0 (_vgnU_ifunc_wrapper)
--1853-- REDIR: 0x4b8ffe0 (libc.so.6:memmove) redirected to 0x483d1c0 (_vgnU_ifunc_wrapper)
==1853== Preferring higher priority redirection:
--1853--     old: 0x04c66a80 (__memcpy_avx_unalign) R-> (2018.0) 0x04851580 __memcpy_avx_unaligned_erms
--1853--     new: 0x04c66a80 (__memcpy_avx_unalign) R-> (2018.1) 0x04852d60 memmove
--1853-- REDIR: 0x4b8f5d0 (libc.so.6:memchr) redirected to 0x483d1c0 (_vgnU_ifunc_wrapper)
--1853-- REDIR: 0x4b93300 (libc.so.6:strspn) redirected to 0x483d1c0 (_vgnU_ifunc_wrapper)
--1853-- REDIR: 0x4b90100 (libc.so.6:mempcpy) redirected to 0x483d1c0 (_vgnU_ifunc_wrapper)
--1853-- REDIR: 0x4b92d70 (libc.so.6:strncasecmp) redirected to 0x483d1c0 (_vgnU_ifunc_wrapper)
--1853-- REDIR: 0x4c6b670 (libc.so.6:__strrchr_avx2) redirected to 0x484ed20 (rindex)
--1853-- REDIR: 0x4c697c0 (libc.so.6:__strlen_avx2) redirected to 0x484f220 (strlen)
--1853-- REDIR: 0x4c66320 (libc.so.6:__memcmp_avx2_movbe) redirected to 0x4852480 (bcmp)
--1853-- REDIR: 0x4c6a8a0 (libc.so.6:__strncmp_avx2) redirected to 0x484fab0 (strncmp)
--1853-- REDIR: 0x4b8b670 (libc.so.6:malloc) redirected to 0x48467b0 (malloc)
==1853== Invalid write of size 8
==1853==    at 0x1092FD: Allocator::allocate(unsigned long) (in /root/allocator/main)
==1853==    by 0x1091C4: main (in /root/allocator/main)
==1853==  Address 0x10 is not stack'd, malloc'd or (recently) free'd
==1853== 
==1853== 
==1853== Process terminating with default action of signal 11 (SIGSEGV)
==1853==  Access not within mapped region at address 0x10
==1853==    at 0x1092FD: Allocator::allocate(unsigned long) (in /root/allocator/main)
==1853==    by 0x1091C4: main (in /root/allocator/main)
==1853==  If you believe this happened as a result of a stack
==1853==  overflow in your program's main thread (unlikely but
==1853==  possible), you can try to increase the size of the
==1853==  main thread stack using the --main-stacksize= flag.
==1853==  The main thread stack size used in this run was 8388608.
==1853== 
==1853== HEAP SUMMARY:
==1853==     in use at exit: 73,728 bytes in 1 blocks
==1853==   total heap usage: 1 allocs, 0 frees, 73,728 bytes allocated
==1853== 
==1853== Searching for pointers to 1 not-freed blocks
==1853== Checked 152,416 bytes
==1853== 
==1853== 73,728 bytes in 1 blocks are still reachable in loss record 1 of 1
==1853==    at 0x4846828: malloc (in /usr/libexec/valgrind/vgpreload_memcheck-amd64-linux.so)
==1853==    by 0x491738E: ??? (in /usr/lib/x86_64-linux-gnu/libstdc++.so.6.0.33)
==1853==    by 0x400571E: call_init.part.0 (dl-init.c:74)
==1853==    by 0x4005823: call_init (dl-init.c:120)
==1853==    by 0x4005823: _dl_init (dl-init.c:121)
==1853==    by 0x401F59F: ??? (in /usr/lib/x86_64-linux-gnu/ld-linux-x86-64.so.2)
==1853== 
==1853== LEAK SUMMARY:
==1853==    definitely lost: 0 bytes in 0 blocks
==1853==    indirectly lost: 0 bytes in 0 blocks
==1853==      possibly lost: 0 bytes in 0 blocks
==1853==    still reachable: 73,728 bytes in 1 blocks
==1853==         suppressed: 0 bytes in 0 blocks
==1853== 
==1853== ERROR SUMMARY: 1 errors from 1 contexts (suppressed: 0 from 0)
==1853== 
==1853== 1 errors in context 1 of 1:
==1853== Invalid write of size 8
==1853==    at 0x1092FD: Allocator::allocate(unsigned long) (in /root/allocator/main)
==1853==    by 0x1091C4: main (in /root/allocator/main)
==1853==  Address 0x10 is not stack'd, malloc'd or (recently) free'd
==1853== 
==1853== ERROR SUMMARY: 1 errors from 1 contexts (suppressed: 0 from 0)
